<?xml version="1.0" encoding="UTF-8"?>
<!-- Generated by org.testng.reporters.JUnitReportReporter -->
<testsuite skipped="0" hostname="DESKTOP-BCHKUU5" name="com.nopcommerce.testCases.TC_LoginTest_001" tests="1" failures="0" timestamp="10 Mar 2020 20:02:51 GMT" time="5.526" errors="0">
  <testcase name="loginTest" time="5.526" classname="com.nopcommerce.testCases.TC_LoginTest_001"/>
</testsuite> <!-- com.nopcommerce.testCases.TC_LoginTest_001 -->
